<?xml version="1.0" encoding="UTF-8"?>
<!-- Generated by org.testng.reporters.JUnitReportReporter -->
<testsuite hostname="arun" failures="0" tests="3" name="tests.ContactDeletionTest" time="19.769" errors="0" timestamp="2024-12-20T16:58:40 IST" skipped="0">
  <testcase classname="tests.ContactDeletionTest" name="testDeleteContactPopsUpAlert" time="7.599"/>
  <system-out/>
  <testcase classname="tests.ContactDeletionTest" name="testDeleteSingleContact" time="5.655"/>
  <system-out/>
  <testcase classname="tests.ContactDeletionTest" name="testDeletionDoesNotAffectOtherContacts" time="6.515"/>
  <system-out/>
</testsuite> <!-- tests.ContactDeletionTest -->
