<?xml version="1.0" encoding="UTF-8"?>
<!-- Generated by org.testng.reporters.JUnitReportReporter -->
<testsuite hostname="arun" failures="0" tests="3" name="tests.SignupTest" time="1.119" errors="0" timestamp="2024-12-20T16:58:40 IST" skipped="0">
  <testcase classname="tests.SignupTest" name="testSignupButtonVisible" time="0.127"/>
  <system-out/>
  <testcase classname="tests.SignupTest" name="testSignupButtonClickable" time="0.046"/>
  <system-out/>
  <testcase classname="tests.SignupTest" name="testSignupButtonClick" time="0.946"/>
  <system-out/>
</testsuite> <!-- tests.SignupTest -->
