<?xml version="1.0" encoding="UTF-8"?>
<!-- Generated by org.testng.reporters.JUnitReportReporter -->
<testsuite hostname="arun" failures="0" tests="4" name="tests.ContactEditingTest" time="37.807" errors="0" timestamp="2024-12-20T16:58:40 IST" skipped="0">
  <testcase classname="tests.ContactEditingTest" name="testPageRedirectsOnContactClick" time="2.392"/>
  <system-out/>
  <testcase classname="tests.ContactEditingTest" name="testEditExistingContactDetails" time="9.811"/>
  <system-out/>
  <testcase classname="tests.ContactEditingTest" name="testUneditedFieldsAreUnaffected" time="11.066"/>
  <system-out/>
  <testcase classname="tests.ContactEditingTest" name="testSavingEmptyFields" time="14.538"/>
  <system-out/>
</testsuite> <!-- tests.ContactEditingTest -->
