<?xml version="1.0" encoding="UTF-8"?>
<!-- Generated by org.testng.reporters.JUnitReportReporter -->
<testsuite hostname="arun" failures="0" tests="2" name="tests.LogoutTest" time="2.670" errors="0" timestamp="2024-12-20T16:58:40 IST" skipped="0">
  <testcase classname="tests.LogoutTest" name="testLogoutButtonVisible" time="0.160"/>
  <system-out/>
  <testcase classname="tests.LogoutTest" name="testLogoutRedirectsToLoginPage" time="2.510"/>
  <system-out/>
</testsuite> <!-- tests.LogoutTest -->
