<?xml version="1.0" encoding="UTF-8"?>
<!-- Generated by org.testng.reporters.JUnitReportReporter -->
<testsuite hostname="arun" failures="0" tests="4" name="tests.LoginTest" time="15.648" errors="0" timestamp="2024-12-20T16:58:40 IST" skipped="0">
  <testcase classname="tests.LoginTest" name="testLoginSubmitButtonVisible" time="0.123"/>
  <system-out/>
  <testcase classname="tests.LoginTest" name="testLoginSubmitButtonClickable" time="0.125"/>
  <system-out/>
  <testcase classname="tests.LoginTest" name="testInvalidLogin" time="11.296"/>
  <system-out/>
  <testcase classname="tests.LoginTest" name="testValidLogin" time="4.104"/>
  <system-out/>
</testsuite> <!-- tests.LoginTest -->
