<?xml version="1.0" encoding="UTF-8"?>
<!-- Generated by org.testng.reporters.JUnitReportReporter -->
<testsuite hostname="arun" failures="0" tests="4" name="tests.ContactAdditionTest" time="37.585" errors="0" timestamp="2024-12-20T16:58:40 IST" skipped="0">
  <testcase classname="tests.ContactAdditionTest" name="testAddContactButtonVisibility" time="0.133"/>
  <system-out/>
  <testcase classname="tests.ContactAdditionTest" name="testAddContactWithAllDetails" time="21.248"/>
  <system-out/>
  <testcase classname="tests.ContactAdditionTest" name="testAddContactWithRequiredDetails" time="6.911"/>
  <system-out/>
  <testcase classname="tests.ContactAdditionTest" name="testInvalidDateOfBirth" time="9.293"/>
  <system-out/>
</testsuite> <!-- tests.ContactAdditionTest -->
